0 info it worked if it ends with ok
1 verbose cli [ 'D:\\新建文件夹\\node.exe',
1 verbose cli   'D:\\新建文件夹\\node_modules\\npm\\bin\\npm-cli.js',
1 verbose cli   'run',
1 verbose cli   'server' ]
2 info using npm@3.10.10
3 info using node@v6.10.0
4 verbose run-script [ 'preserver', 'server', 'postserver' ]
5 info lifecycle meilixinhui@1.0.0~preserver: meilixinhui@1.0.0
6 silly lifecycle meilixinhui@1.0.0~preserver: no script for preserver, continuing
7 info lifecycle meilixinhui@1.0.0~server: meilixinhui@1.0.0
8 verbose lifecycle meilixinhui@1.0.0~server: unsafe-perm in lifecycle true
9 verbose lifecycle meilixinhui@1.0.0~server: PATH: D:\新建文件夹\node_modules\npm\bin\node-gyp-bin;D:\hbuilder\meilixinhui\node_modules\.bin;C:\ProgramData\Oracle\Java\javapath;D:\Ruby23-x64\bin;C:\Ruby21-x64\bin;C:\Windows\system32;C:\Windows;C:\Windows\System32\Wbem;C:\Windows\System32\WindowsPowerShell\v1.0\;D:\Git\cmd;D:\New Folder\;C:\Program Files\Java\jdk1.7.0_55\bin;C:\Program Files\Java\jdk1.7.0_55\jre\bin;C:\Program Files\VisualSVN Server\bin;C:\Program Files\TortoiseSVN\bin;D:\新建文件夹\;;D:\;秋资料\第二阶段\Git1\cmd;C:\Users\Administrator\AppData\Roaming\npm;D:\Microsoft VS Code\bin;D:\Program Files\MongoDB\Server\3.2\bin;C:\Users\Administrator\AppData\Local\Android\android-sdk\tools;C:\Users\Administrator\AppData\Local\Android\android-sdk\platform-tools;.;;.;;.;;.;
10 verbose lifecycle meilixinhui@1.0.0~server: CWD: D:\hbuilder\meilixinhui
11 silly lifecycle meilixinhui@1.0.0~server: Args: [ '/d /s /c', 'webpack-dev-server' ]
12 silly lifecycle meilixinhui@1.0.0~server: Returned: code: 3221225786  signal: null
13 info lifecycle meilixinhui@1.0.0~server: Failed to exec server script
14 verbose stack Error: meilixinhui@1.0.0 server: `webpack-dev-server`
14 verbose stack Exit status 3221225786
14 verbose stack     at EventEmitter.<anonymous> (D:\新建文件夹\node_modules\npm\lib\utils\lifecycle.js:255:16)
14 verbose stack     at emitTwo (events.js:106:13)
14 verbose stack     at EventEmitter.emit (events.js:191:7)
14 verbose stack     at ChildProcess.<anonymous> (D:\新建文件夹\node_modules\npm\lib\utils\spawn.js:40:14)
14 verbose stack     at emitTwo (events.js:106:13)
14 verbose stack     at ChildProcess.emit (events.js:191:7)
14 verbose stack     at maybeClose (internal/child_process.js:877:16)
14 verbose stack     at Process.ChildProcess._handle.onexit (internal/child_process.js:226:5)
15 verbose pkgid meilixinhui@1.0.0
16 verbose cwd D:\hbuilder\meilixinhui
17 error Windows_NT 6.1.7601
18 error argv "D:\\新建文件夹\\node.exe" "D:\\新建文件夹\\node_modules\\npm\\bin\\npm-cli.js" "run" "server"
19 error node v6.10.0
20 error npm  v3.10.10
21 error code ELIFECYCLE
22 error meilixinhui@1.0.0 server: `webpack-dev-server`
22 error Exit status 3221225786
23 error Failed at the meilixinhui@1.0.0 server script 'webpack-dev-server'.
23 error Make sure you have the latest version of node.js and npm installed.
23 error If you do, this is most likely a problem with the meilixinhui package,
23 error not with npm itself.
23 error Tell the author that this fails on your system:
23 error     webpack-dev-server
23 error You can get information on how to open an issue for this project with:
23 error     npm bugs meilixinhui
23 error Or if that isn't available, you can get their info via:
23 error     npm owner ls meilixinhui
23 error There is likely additional logging output above.
24 verbose exit [ 1, true ]
